<?xml version="1.0" encoding="UTF-8"?>
<testng-results ignored="0" total="2" passed="2" failed="0" skipped="0">
  <reporter-output>
  </reporter-output>
  <suite started-at="2023-01-06T00:36:05 IST" name="Default suite" finished-at="2023-01-06T00:37:05 IST" duration-ms="59426">
    <groups>
      <group name="cucumber">
        <method signature="AbstractTestNGCucumberTests.runScenario(io.cucumber.testng.PickleWrapper,io.cucumber.testng.FeatureWrapper)[pri:0, instance:cucumberOptions.TestRunner@7b98f307]" name="runScenario" class="io.cucumber.testng.AbstractTestNGCucumberTests"/>
      </group> <!-- cucumber -->
    </groups>
    <test started-at="2023-01-06T00:36:05 IST" name="Default test" finished-at="2023-01-06T00:37:05 IST" duration-ms="59426">
      <class name="cucumberOptions.TestRunner">
        <test-method is-config="true" signature="setUpClass(org.testng.ITestContext)[pri:0, instance:cucumberOptions.TestRunner@7b98f307]" started-at="2023-01-06T00:36:05 IST" name="setUpClass" finished-at="2023-01-06T00:36:06 IST" duration-ms="801" status="PASS">
          <params>
            <param index="0">
              <value>
                <![CDATA[org.testng.TestRunner@1515f782]]>
              </value>
            </param>
          </params>
          <reporter-output>
          </reporter-output>
        </test-method> <!-- setUpClass -->
        <test-method signature="runScenario(io.cucumber.testng.PickleWrapper,io.cucumber.testng.FeatureWrapper)[pri:0, instance:cucumberOptions.TestRunner@7b98f307]" started-at="2023-01-06T00:36:06 IST" name="runScenario" description="Runs Cucumber Scenarios" data-provider="scenarios" finished-at="2023-01-06T00:36:32 IST" duration-ms="25868" status="PASS">
          <params>
            <param index="0">
              <value>
                <![CDATA["Search for a user in OrangeHRM"]]>
              </value>
            </param>
            <param index="1">
              <value>
                <![CDATA["assignmnet"]]>
              </value>
            </param>
          </params>
          <reporter-output>
          </reporter-output>
        </test-method> <!-- runScenario -->
        <test-method signature="runScenario(io.cucumber.testng.PickleWrapper,io.cucumber.testng.FeatureWrapper)[pri:0, instance:cucumberOptions.TestRunner@7b98f307]" started-at="2023-01-06T00:36:32 IST" name="runScenario" description="Runs Cucumber Scenarios" data-provider="scenarios" finished-at="2023-01-06T00:37:04 IST" duration-ms="32345" status="PASS">
          <params>
            <param index="0">
              <value>
                <![CDATA["Add salary and save data"]]>
              </value>
            </param>
            <param index="1">
              <value>
                <![CDATA["assignmnet"]]>
              </value>
            </param>
          </params>
          <reporter-output>
          </reporter-output>
        </test-method> <!-- runScenario -->
        <test-method is-config="true" signature="tearDownClass()[pri:0, instance:cucumberOptions.TestRunner@7b98f307]" started-at="2023-01-06T00:37:04 IST" name="tearDownClass" finished-at="2023-01-06T00:37:05 IST" duration-ms="379" status="PASS">
          <reporter-output>
          </reporter-output>
        </test-method> <!-- tearDownClass -->
      </class> <!-- cucumberOptions.TestRunner -->
    </test> <!-- Default test -->
  </suite> <!-- Default suite -->
</testng-results>
